2017-09-13 13:06:04 INFO  c.e.r.RatecalculatorApplication - Starting RatecalculatorApplication v0.0.1-SNAPSHOT on rowlro-PC with PID 757272 (D:\Dev\ratecalculator\target\ratecalculator-0.0.1-SNAPSHOT.jar started by rowlro in D:\Dev\ratecalculator)
2017-09-13 13:06:04 DEBUG c.e.r.RatecalculatorApplication - Running with Spring Boot v1.5.6.RELEASE, Spring v4.3.10.RELEASE
2017-09-13 13:06:04 INFO  c.e.r.RatecalculatorApplication - No active profile set, falling back to default profiles: default
2017-09-13 13:06:05 DEBUG c.e.r.RatecalculatorApplication - Error loading lenders csv: src\test\data\market.csv (The system cannot find the file specified)
2017-09-13 13:07:00 INFO  c.e.r.RatecalculatorApplication - Starting RatecalculatorApplication v0.0.1-SNAPSHOT on rowlro-PC with PID 740236 (D:\Dev\ratecalculator\target\ratecalculator-0.0.1-SNAPSHOT.jar started by rowlro in D:\Dev\ratecalculator)
2017-09-13 13:07:00 DEBUG c.e.r.RatecalculatorApplication - Running with Spring Boot v1.5.6.RELEASE, Spring v4.3.10.RELEASE
2017-09-13 13:07:00 INFO  c.e.r.RatecalculatorApplication - No active profile set, falling back to default profiles: default
2017-09-13 13:07:01 DEBUG c.e.r.service.CSVFileLenderDAO - parse line Bob,0.075,640
2017-09-13 13:07:01 DEBUG c.e.r.service.CSVFileLenderDAO - parse line Jane,0.069,480
2017-09-13 13:07:01 DEBUG c.e.r.service.CSVFileLenderDAO - parse line Fred,0.071,520
2017-09-13 13:07:01 DEBUG c.e.r.service.CSVFileLenderDAO - parse line Mary,0.104,170
2017-09-13 13:07:01 DEBUG c.e.r.service.CSVFileLenderDAO - parse line John,0.081,320
2017-09-13 13:07:01 DEBUG c.e.r.service.CSVFileLenderDAO - parse line Dave,0.074,140
2017-09-13 13:07:01 DEBUG c.e.r.service.CSVFileLenderDAO - parse line Angela,0.071,60
2017-09-13 13:07:01 DEBUG c.e.r.RatecalculatorApplication - Error initiating ratecalculator - <loan-amount> must be a non-zero integer: For input string: "src/test/data/market-good-data.csv"
2017-09-13 13:07:14 INFO  c.e.r.RatecalculatorApplication - Starting RatecalculatorApplication v0.0.1-SNAPSHOT on rowlro-PC with PID 757324 (D:\Dev\ratecalculator\target\ratecalculator-0.0.1-SNAPSHOT.jar started by rowlro in D:\Dev\ratecalculator)
2017-09-13 13:07:14 DEBUG c.e.r.RatecalculatorApplication - Running with Spring Boot v1.5.6.RELEASE, Spring v4.3.10.RELEASE
2017-09-13 13:07:14 INFO  c.e.r.RatecalculatorApplication - No active profile set, falling back to default profiles: default
2017-09-13 13:07:15 DEBUG c.e.r.service.CSVFileLenderDAO - parse line Bob,0.075,640
2017-09-13 13:07:15 DEBUG c.e.r.service.CSVFileLenderDAO - parse line ,0.069,480
2017-09-13 13:07:15 DEBUG c.e.r.service.CSVFileLenderDAO - error: attempt to create Lender with empty string value for name
2017-09-13 13:07:15 DEBUG c.e.r.service.CSVFileLenderDAO - parse line Fred,0.071,520
2017-09-13 13:07:15 DEBUG c.e.r.service.CSVFileLenderDAO - parse line Mary,0.104,0
2017-09-13 13:07:15 DEBUG c.e.r.service.CSVFileLenderDAO - error: attempt to create Lender with 0 value for available
2017-09-13 13:07:15 DEBUG c.e.r.service.CSVFileLenderDAO - parse line John,0,320
2017-09-13 13:07:15 DEBUG c.e.r.service.CSVFileLenderDAO - error: attempt to create Lender with 0.0 value for rate
2017-09-13 13:07:15 DEBUG c.e.r.service.CSVFileLenderDAO - parse line Dave,0.074,140
2017-09-13 13:07:15 DEBUG c.e.r.service.CSVFileLenderDAO - parse line Angela,0.071,
2017-09-13 13:07:15 DEBUG c.e.r.service.CSVFileLenderDAO - error: expected 3 columns, only found 2
2017-09-13 13:07:15 DEBUG c.e.r.RatecalculatorApplication - Error loading lenders csv: attempt to load Lender data with invalid Lenders - check logs for details
2017-09-13 13:07:47 INFO  c.e.r.RatecalculatorApplication - Starting RatecalculatorApplication v0.0.1-SNAPSHOT on rowlro-PC with PID 755044 (D:\Dev\ratecalculator\target\ratecalculator-0.0.1-SNAPSHOT.jar started by rowlro in D:\Dev\ratecalculator)
2017-09-13 13:07:47 DEBUG c.e.r.RatecalculatorApplication - Running with Spring Boot v1.5.6.RELEASE, Spring v4.3.10.RELEASE
2017-09-13 13:07:47 INFO  c.e.r.RatecalculatorApplication - No active profile set, falling back to default profiles: default
2017-09-13 13:07:48 DEBUG c.e.r.RatecalculatorApplication - useage: java -jar ratecalculator-0.0.1-SNAPSHOT.jar <lenders-file.csv> <loan-amount>
2017-09-13 13:07:48 INFO  c.e.r.RatecalculatorApplication - Started RatecalculatorApplication in 1.456 seconds (JVM running for 2.299)
2017-09-13 13:07:58 INFO  c.e.r.RatecalculatorApplication - Starting RatecalculatorApplication v0.0.1-SNAPSHOT on rowlro-PC with PID 756916 (D:\Dev\ratecalculator\target\ratecalculator-0.0.1-SNAPSHOT.jar started by rowlro in D:\Dev\ratecalculator)
2017-09-13 13:07:58 DEBUG c.e.r.RatecalculatorApplication - Running with Spring Boot v1.5.6.RELEASE, Spring v4.3.10.RELEASE
2017-09-13 13:07:58 INFO  c.e.r.RatecalculatorApplication - No active profile set, falling back to default profiles: default
2017-09-13 13:07:59 DEBUG c.e.r.service.CSVFileLenderDAO - parse line Bob,0.075,640
2017-09-13 13:07:59 DEBUG c.e.r.service.CSVFileLenderDAO - parse line Jane,0.069,480
2017-09-13 13:07:59 DEBUG c.e.r.service.CSVFileLenderDAO - parse line Fred,0.071,520
2017-09-13 13:07:59 DEBUG c.e.r.service.CSVFileLenderDAO - parse line Mary,0.104,170
2017-09-13 13:07:59 DEBUG c.e.r.service.CSVFileLenderDAO - parse line John,0.081,320
2017-09-13 13:07:59 DEBUG c.e.r.service.CSVFileLenderDAO - parse line Dave,0.074,140
2017-09-13 13:07:59 DEBUG c.e.r.service.CSVFileLenderDAO - parse line Angela,0.071,60
2017-09-13 13:07:59 DEBUG c.e.r.RatecalculatorApplication - Error initiating ratecalculator - <loan-amount> must be a non-zero integer: For input string: "src/test/data/market-good-data.csv"
2017-09-13 13:08:16 INFO  c.e.r.RatecalculatorApplication - Starting RatecalculatorApplication v0.0.1-SNAPSHOT on rowlro-PC with PID 755196 (D:\Dev\ratecalculator\target\ratecalculator-0.0.1-SNAPSHOT.jar started by rowlro in D:\Dev\ratecalculator)
2017-09-13 13:08:16 DEBUG c.e.r.RatecalculatorApplication - Running with Spring Boot v1.5.6.RELEASE, Spring v4.3.10.RELEASE
2017-09-13 13:08:16 INFO  c.e.r.RatecalculatorApplication - No active profile set, falling back to default profiles: default
2017-09-13 13:08:17 DEBUG c.e.r.service.CSVFileLenderDAO - parse line Bob,0.075,640
2017-09-13 13:08:17 DEBUG c.e.r.service.CSVFileLenderDAO - parse line Jane,0.069,480
2017-09-13 13:08:17 DEBUG c.e.r.service.CSVFileLenderDAO - parse line Fred,0.071,520
2017-09-13 13:08:17 DEBUG c.e.r.service.CSVFileLenderDAO - parse line Mary,0.104,170
2017-09-13 13:08:17 DEBUG c.e.r.service.CSVFileLenderDAO - parse line John,0.081,320
2017-09-13 13:08:17 DEBUG c.e.r.service.CSVFileLenderDAO - parse line Dave,0.074,140
2017-09-13 13:08:17 DEBUG c.e.r.service.CSVFileLenderDAO - parse line Angela,0.071,60
2017-09-13 13:08:17 DEBUG c.e.r.RatecalculatorApplication - Error initiating ratecalculator - <loan-amount> must be a non-zero integer: For input string: "src/test/data/market-good-data.csv"
2017-09-13 13:08:40 INFO  c.e.r.RatecalculatorApplication - Starting RatecalculatorApplication v0.0.1-SNAPSHOT on rowlro-PC with PID 756500 (D:\Dev\ratecalculator\target\ratecalculator-0.0.1-SNAPSHOT.jar started by rowlro in D:\Dev\ratecalculator)
2017-09-13 13:08:40 DEBUG c.e.r.RatecalculatorApplication - Running with Spring Boot v1.5.6.RELEASE, Spring v4.3.10.RELEASE
2017-09-13 13:08:40 INFO  c.e.r.RatecalculatorApplication - No active profile set, falling back to default profiles: default
2017-09-13 13:08:41 DEBUG c.e.r.service.CSVFileLenderDAO - parse line Bob,0.075,640
2017-09-13 13:08:41 DEBUG c.e.r.service.CSVFileLenderDAO - parse line Jane,0.069,480
2017-09-13 13:08:41 DEBUG c.e.r.service.CSVFileLenderDAO - parse line Fred,0.071,520
2017-09-13 13:08:41 DEBUG c.e.r.service.CSVFileLenderDAO - parse line Mary,0.104,170
2017-09-13 13:08:41 DEBUG c.e.r.service.CSVFileLenderDAO - parse line John,0.081,320
2017-09-13 13:08:41 DEBUG c.e.r.service.CSVFileLenderDAO - parse line Dave,0.074,140
2017-09-13 13:08:41 DEBUG c.e.r.service.CSVFileLenderDAO - parse line Angela,0.071,60
2017-09-13 13:08:41 DEBUG c.e.r.RatecalculatorApplication - Error initiating ratecalculator - <loan-amount> must be a non-zero integer: For input string: "sdsd"
2017-09-13 13:08:48 INFO  c.e.r.RatecalculatorApplication - Starting RatecalculatorApplication v0.0.1-SNAPSHOT on rowlro-PC with PID 701880 (D:\Dev\ratecalculator\target\ratecalculator-0.0.1-SNAPSHOT.jar started by rowlro in D:\Dev\ratecalculator)
2017-09-13 13:08:48 DEBUG c.e.r.RatecalculatorApplication - Running with Spring Boot v1.5.6.RELEASE, Spring v4.3.10.RELEASE
2017-09-13 13:08:48 INFO  c.e.r.RatecalculatorApplication - No active profile set, falling back to default profiles: default
2017-09-13 13:08:49 DEBUG c.e.r.service.CSVFileLenderDAO - parse line Bob,0.075,640
2017-09-13 13:08:49 DEBUG c.e.r.service.CSVFileLenderDAO - parse line Jane,0.069,480
2017-09-13 13:08:49 DEBUG c.e.r.service.CSVFileLenderDAO - parse line Fred,0.071,520
2017-09-13 13:08:49 DEBUG c.e.r.service.CSVFileLenderDAO - parse line Mary,0.104,170
2017-09-13 13:08:49 DEBUG c.e.r.service.CSVFileLenderDAO - parse line John,0.081,320
2017-09-13 13:08:49 DEBUG c.e.r.service.CSVFileLenderDAO - parse line Dave,0.074,140
2017-09-13 13:08:49 DEBUG c.e.r.service.CSVFileLenderDAO - parse line Angela,0.071,60
2017-09-13 13:08:49 DEBUG c.e.r.RatecalculatorApplication - Requested amount: £1000
2017-09-13 13:08:49 ERROR o.s.boot.SpringApplication - Application startup failed
java.lang.IllegalStateException: Failed to execute CommandLineRunner
	at org.springframework.boot.SpringApplication.callRunner(SpringApplication.java:735)
	at org.springframework.boot.SpringApplication.callRunners(SpringApplication.java:716)
	at org.springframework.boot.SpringApplication.afterRefresh(SpringApplication.java:703)
	at org.springframework.boot.SpringApplication.run(SpringApplication.java:304)
	at com.example.ratecalculator.RatecalculatorApplication.main(RatecalculatorApplication.java:87)
	at sun.reflect.NativeMethodAccessorImpl.invoke0(Native Method)
	at sun.reflect.NativeMethodAccessorImpl.invoke(NativeMethodAccessorImpl.java:62)
	at sun.reflect.DelegatingMethodAccessorImpl.invoke(DelegatingMethodAccessorImpl.java:43)
	at java.lang.reflect.Method.invoke(Method.java:498)
	at org.springframework.boot.loader.MainMethodRunner.run(MainMethodRunner.java:48)
	at org.springframework.boot.loader.Launcher.launch(Launcher.java:87)
	at org.springframework.boot.loader.Launcher.launch(Launcher.java:50)
	at org.springframework.boot.loader.JarLauncher.main(JarLauncher.java:51)
Caused by: java.util.IllegalFormatConversionException: d != java.lang.Double
	at java.util.Formatter$FormatSpecifier.failConversion(Formatter.java:4302)
	at java.util.Formatter$FormatSpecifier.printInteger(Formatter.java:2793)
	at java.util.Formatter$FormatSpecifier.print(Formatter.java:2747)
	at java.util.Formatter.format(Formatter.java:2520)
	at java.util.Formatter.format(Formatter.java:2455)
	at java.lang.String.format(String.java:2940)
	at com.example.ratecalculator.RatecalculatorApplication.run(RatecalculatorApplication.java:72)
	at org.springframework.boot.SpringApplication.callRunner(SpringApplication.java:732)
	... 12 common frames omitted
2017-09-13 13:10:20 INFO  c.e.r.RatecalculatorApplication - Starting RatecalculatorApplication v0.0.1-SNAPSHOT on rowlro-PC with PID 757900 (D:\Dev\ratecalculator\target\ratecalculator-0.0.1-SNAPSHOT.jar started by rowlro in D:\Dev\ratecalculator)
2017-09-13 13:10:20 DEBUG c.e.r.RatecalculatorApplication - Running with Spring Boot v1.5.6.RELEASE, Spring v4.3.10.RELEASE
2017-09-13 13:10:20 INFO  c.e.r.RatecalculatorApplication - No active profile set, falling back to default profiles: default
2017-09-13 13:10:21 DEBUG c.e.r.service.CSVFileLenderDAO - parse line Bob,0.075,640
2017-09-13 13:10:21 DEBUG c.e.r.service.CSVFileLenderDAO - parse line Jane,0.069,480
2017-09-13 13:10:21 DEBUG c.e.r.service.CSVFileLenderDAO - parse line Fred,0.071,520
2017-09-13 13:10:21 DEBUG c.e.r.service.CSVFileLenderDAO - parse line Mary,0.104,170
2017-09-13 13:10:21 DEBUG c.e.r.service.CSVFileLenderDAO - parse line John,0.081,320
2017-09-13 13:10:21 DEBUG c.e.r.service.CSVFileLenderDAO - parse line Dave,0.074,140
2017-09-13 13:10:21 DEBUG c.e.r.service.CSVFileLenderDAO - parse line Angela,0.071,60
2017-09-13 13:10:21 DEBUG c.e.r.RatecalculatorApplication - Raw Requested amount: 1000
2017-09-13 13:10:21 DEBUG c.e.r.RatecalculatorApplication - Raw Rate: 0.2331
2017-09-13 13:10:21 DEBUG c.e.r.RatecalculatorApplication - Raw Monthly repayment: 0.2331
2017-09-13 13:10:21 DEBUG c.e.r.RatecalculatorApplication - Raw Total repayment: 0.2331
2017-09-13 13:10:21 DEBUG c.e.r.RatecalculatorApplication - Requested amount: £1000
2017-09-13 13:10:21 ERROR o.s.boot.SpringApplication - Application startup failed
java.lang.IllegalStateException: Failed to execute CommandLineRunner
	at org.springframework.boot.SpringApplication.callRunner(SpringApplication.java:735)
	at org.springframework.boot.SpringApplication.callRunners(SpringApplication.java:716)
	at org.springframework.boot.SpringApplication.afterRefresh(SpringApplication.java:703)
	at org.springframework.boot.SpringApplication.run(SpringApplication.java:304)
	at com.example.ratecalculator.RatecalculatorApplication.main(RatecalculatorApplication.java:92)
	at sun.reflect.NativeMethodAccessorImpl.invoke0(Native Method)
	at sun.reflect.NativeMethodAccessorImpl.invoke(NativeMethodAccessorImpl.java:62)
	at sun.reflect.DelegatingMethodAccessorImpl.invoke(DelegatingMethodAccessorImpl.java:43)
	at java.lang.reflect.Method.invoke(Method.java:498)
	at org.springframework.boot.loader.MainMethodRunner.run(MainMethodRunner.java:48)
	at org.springframework.boot.loader.Launcher.launch(Launcher.java:87)
	at org.springframework.boot.loader.Launcher.launch(Launcher.java:50)
	at org.springframework.boot.loader.JarLauncher.main(JarLauncher.java:51)
Caused by: java.util.IllegalFormatConversionException: d != java.lang.Double
	at java.util.Formatter$FormatSpecifier.failConversion(Formatter.java:4302)
	at java.util.Formatter$FormatSpecifier.printInteger(Formatter.java:2793)
	at java.util.Formatter$FormatSpecifier.print(Formatter.java:2747)
	at java.util.Formatter.format(Formatter.java:2520)
	at java.util.Formatter.format(Formatter.java:2455)
	at java.lang.String.format(String.java:2940)
	at com.example.ratecalculator.RatecalculatorApplication.run(RatecalculatorApplication.java:77)
	at org.springframework.boot.SpringApplication.callRunner(SpringApplication.java:732)
	... 12 common frames omitted
2017-09-13 13:10:59 INFO  c.e.r.RatecalculatorApplication - Starting RatecalculatorApplication v0.0.1-SNAPSHOT on rowlro-PC with PID 758336 (D:\Dev\ratecalculator\target\ratecalculator-0.0.1-SNAPSHOT.jar started by rowlro in D:\Dev\ratecalculator)
2017-09-13 13:10:59 DEBUG c.e.r.RatecalculatorApplication - Running with Spring Boot v1.5.6.RELEASE, Spring v4.3.10.RELEASE
2017-09-13 13:10:59 INFO  c.e.r.RatecalculatorApplication - No active profile set, falling back to default profiles: default
2017-09-13 13:11:00 DEBUG c.e.r.service.CSVFileLenderDAO - parse line Bob,0.075,640
2017-09-13 13:11:00 DEBUG c.e.r.service.CSVFileLenderDAO - parse line Jane,0.069,480
2017-09-13 13:11:00 DEBUG c.e.r.service.CSVFileLenderDAO - parse line Fred,0.071,520
2017-09-13 13:11:00 DEBUG c.e.r.service.CSVFileLenderDAO - parse line Mary,0.104,170
2017-09-13 13:11:00 DEBUG c.e.r.service.CSVFileLenderDAO - parse line John,0.081,320
2017-09-13 13:11:00 DEBUG c.e.r.service.CSVFileLenderDAO - parse line Dave,0.074,140
2017-09-13 13:11:00 DEBUG c.e.r.service.CSVFileLenderDAO - parse line Angela,0.071,60
2017-09-13 13:11:00 DEBUG c.e.r.RatecalculatorApplication - Raw Requested amount: 1000
2017-09-13 13:11:00 DEBUG c.e.r.RatecalculatorApplication - Raw Rate: 0.2331
2017-09-13 13:11:00 DEBUG c.e.r.RatecalculatorApplication - Raw Monthly repayment: 0.2331
2017-09-13 13:11:00 DEBUG c.e.r.RatecalculatorApplication - Raw Total repayment: 0.2331
2017-09-13 13:11:00 DEBUG c.e.r.RatecalculatorApplication - Requested amount: £1000
2017-09-13 13:11:00 ERROR o.s.boot.SpringApplication - Application startup failed
java.lang.IllegalStateException: Failed to execute CommandLineRunner
	at org.springframework.boot.SpringApplication.callRunner(SpringApplication.java:735)
	at org.springframework.boot.SpringApplication.callRunners(SpringApplication.java:716)
	at org.springframework.boot.SpringApplication.afterRefresh(SpringApplication.java:703)
	at org.springframework.boot.SpringApplication.run(SpringApplication.java:304)
	at com.example.ratecalculator.RatecalculatorApplication.main(RatecalculatorApplication.java:92)
	at sun.reflect.NativeMethodAccessorImpl.invoke0(Native Method)
	at sun.reflect.NativeMethodAccessorImpl.invoke(NativeMethodAccessorImpl.java:62)
	at sun.reflect.DelegatingMethodAccessorImpl.invoke(DelegatingMethodAccessorImpl.java:43)
	at java.lang.reflect.Method.invoke(Method.java:498)
	at org.springframework.boot.loader.MainMethodRunner.run(MainMethodRunner.java:48)
	at org.springframework.boot.loader.Launcher.launch(Launcher.java:87)
	at org.springframework.boot.loader.Launcher.launch(Launcher.java:50)
	at org.springframework.boot.loader.JarLauncher.main(JarLauncher.java:51)
Caused by: java.util.IllegalFormatConversionException: d != java.lang.Double
	at java.util.Formatter$FormatSpecifier.failConversion(Formatter.java:4302)
	at java.util.Formatter$FormatSpecifier.printInteger(Formatter.java:2793)
	at java.util.Formatter$FormatSpecifier.print(Formatter.java:2747)
	at java.util.Formatter.format(Formatter.java:2520)
	at java.util.Formatter.format(Formatter.java:2455)
	at java.lang.String.format(String.java:2940)
	at com.example.ratecalculator.RatecalculatorApplication.run(RatecalculatorApplication.java:77)
	at org.springframework.boot.SpringApplication.callRunner(SpringApplication.java:732)
	... 12 common frames omitted
2017-09-13 13:11:27 INFO  c.e.r.RatecalculatorApplication - Starting RatecalculatorApplication v0.0.1-SNAPSHOT on rowlro-PC with PID 757988 (D:\Dev\ratecalculator\target\ratecalculator-0.0.1-SNAPSHOT.jar started by rowlro in D:\Dev\ratecalculator)
2017-09-13 13:11:27 DEBUG c.e.r.RatecalculatorApplication - Running with Spring Boot v1.5.6.RELEASE, Spring v4.3.10.RELEASE
2017-09-13 13:11:27 INFO  c.e.r.RatecalculatorApplication - No active profile set, falling back to default profiles: default
2017-09-13 13:11:28 DEBUG c.e.r.service.CSVFileLenderDAO - parse line Bob,0.075,640
2017-09-13 13:11:28 DEBUG c.e.r.service.CSVFileLenderDAO - parse line Jane,0.069,480
2017-09-13 13:11:28 DEBUG c.e.r.service.CSVFileLenderDAO - parse line Fred,0.071,520
2017-09-13 13:11:28 DEBUG c.e.r.service.CSVFileLenderDAO - parse line Mary,0.104,170
2017-09-13 13:11:28 DEBUG c.e.r.service.CSVFileLenderDAO - parse line John,0.081,320
2017-09-13 13:11:28 DEBUG c.e.r.service.CSVFileLenderDAO - parse line Dave,0.074,140
2017-09-13 13:11:28 DEBUG c.e.r.service.CSVFileLenderDAO - parse line Angela,0.071,60
2017-09-13 13:11:28 DEBUG c.e.r.RatecalculatorApplication - Raw Requested amount: 1000
2017-09-13 13:11:28 DEBUG c.e.r.RatecalculatorApplication - Raw Rate: 0.2331
2017-09-13 13:11:28 DEBUG c.e.r.RatecalculatorApplication - Raw Monthly repayment: 34.25
2017-09-13 13:11:28 DEBUG c.e.r.RatecalculatorApplication - Raw Total repayment: 1233.08
2017-09-13 13:11:28 DEBUG c.e.r.RatecalculatorApplication - Requested amount: £1000
2017-09-13 13:11:28 ERROR o.s.boot.SpringApplication - Application startup failed
java.lang.IllegalStateException: Failed to execute CommandLineRunner
	at org.springframework.boot.SpringApplication.callRunner(SpringApplication.java:735)
	at org.springframework.boot.SpringApplication.callRunners(SpringApplication.java:716)
	at org.springframework.boot.SpringApplication.afterRefresh(SpringApplication.java:703)
	at org.springframework.boot.SpringApplication.run(SpringApplication.java:304)
	at com.example.ratecalculator.RatecalculatorApplication.main(RatecalculatorApplication.java:92)
	at sun.reflect.NativeMethodAccessorImpl.invoke0(Native Method)
	at sun.reflect.NativeMethodAccessorImpl.invoke(NativeMethodAccessorImpl.java:62)
	at sun.reflect.DelegatingMethodAccessorImpl.invoke(DelegatingMethodAccessorImpl.java:43)
	at java.lang.reflect.Method.invoke(Method.java:498)
	at org.springframework.boot.loader.MainMethodRunner.run(MainMethodRunner.java:48)
	at org.springframework.boot.loader.Launcher.launch(Launcher.java:87)
	at org.springframework.boot.loader.Launcher.launch(Launcher.java:50)
	at org.springframework.boot.loader.JarLauncher.main(JarLauncher.java:51)
Caused by: java.util.IllegalFormatConversionException: d != java.lang.Double
	at java.util.Formatter$FormatSpecifier.failConversion(Formatter.java:4302)
	at java.util.Formatter$FormatSpecifier.printInteger(Formatter.java:2793)
	at java.util.Formatter$FormatSpecifier.print(Formatter.java:2747)
	at java.util.Formatter.format(Formatter.java:2520)
	at java.util.Formatter.format(Formatter.java:2455)
	at java.lang.String.format(String.java:2940)
	at com.example.ratecalculator.RatecalculatorApplication.run(RatecalculatorApplication.java:77)
	at org.springframework.boot.SpringApplication.callRunner(SpringApplication.java:732)
	... 12 common frames omitted
2017-09-13 13:46:13 INFO  c.e.r.RatecalculatorApplication - Starting RatecalculatorApplication v0.0.1-SNAPSHOT on rowlro-PC with PID 766520 (D:\Dev\ratecalculator\target\ratecalculator-0.0.1-SNAPSHOT.jar started by rowlro in D:\Dev\ratecalculator)
2017-09-13 13:46:13 DEBUG c.e.r.RatecalculatorApplication - Running with Spring Boot v1.5.6.RELEASE, Spring v4.3.10.RELEASE
2017-09-13 13:46:13 INFO  c.e.r.RatecalculatorApplication - No active profile set, falling back to default profiles: default
2017-09-13 13:46:14 DEBUG c.e.r.service.CSVFileLenderDAO - parse line Bob,0.075,640
2017-09-13 13:46:14 DEBUG c.e.r.service.CSVFileLenderDAO - parse line Jane,0.069,480
2017-09-13 13:46:14 DEBUG c.e.r.service.CSVFileLenderDAO - parse line Fred,0.071,520
2017-09-13 13:46:14 DEBUG c.e.r.service.CSVFileLenderDAO - parse line Mary,0.104,170
2017-09-13 13:46:14 DEBUG c.e.r.service.CSVFileLenderDAO - parse line John,0.081,320
2017-09-13 13:46:14 DEBUG c.e.r.service.CSVFileLenderDAO - parse line Dave,0.074,140
2017-09-13 13:46:14 DEBUG c.e.r.service.CSVFileLenderDAO - parse line Angela,0.071,60
2017-09-13 13:46:14 DEBUG c.e.r.RatecalculatorApplication - Raw Requested amount: 1000
2017-09-13 13:46:14 DEBUG c.e.r.RatecalculatorApplication - Raw Rate: 0.2331
2017-09-13 13:46:14 DEBUG c.e.r.RatecalculatorApplication - Raw Monthly repayment: 34.25
2017-09-13 13:46:14 DEBUG c.e.r.RatecalculatorApplication - Raw Total repayment: 1233.08
2017-09-13 13:46:14 DEBUG c.e.r.RatecalculatorApplication - Requested amount: £1000
2017-09-13 13:46:14 DEBUG c.e.r.RatecalculatorApplication - Rate: %23.31
2017-09-13 13:46:14 DEBUG c.e.r.RatecalculatorApplication - Monthly repayment: £34.25
2017-09-13 13:46:14 DEBUG c.e.r.RatecalculatorApplication - Total repayment: £1233.08
2017-09-13 13:51:52 INFO  c.e.r.RatecalculatorApplication - Starting RatecalculatorApplication v0.0.1-SNAPSHOT on rowlro-PC with PID 767220 (D:\Dev\ratecalculator\target\ratecalculator-0.0.1-SNAPSHOT.jar started by rowlro in D:\Dev\ratecalculator)
2017-09-13 13:51:52 DEBUG c.e.r.RatecalculatorApplication - Running with Spring Boot v1.5.6.RELEASE, Spring v4.3.10.RELEASE
2017-09-13 13:51:52 INFO  c.e.r.RatecalculatorApplication - No active profile set, falling back to default profiles: default
2017-09-13 13:51:53 DEBUG c.e.r.service.CSVFileLenderDAO - parse line Bob,0.075,640
2017-09-13 13:51:53 DEBUG c.e.r.service.CSVFileLenderDAO - parse line Jane,0.069,480
2017-09-13 13:51:53 DEBUG c.e.r.service.CSVFileLenderDAO - parse line Fred,0.071,520
2017-09-13 13:51:53 DEBUG c.e.r.service.CSVFileLenderDAO - parse line Mary,0.104,170
2017-09-13 13:51:53 DEBUG c.e.r.service.CSVFileLenderDAO - parse line John,0.081,320
2017-09-13 13:51:53 DEBUG c.e.r.service.CSVFileLenderDAO - parse line Dave,0.074,140
2017-09-13 13:51:53 DEBUG c.e.r.service.CSVFileLenderDAO - parse line Angela,0.071,60
2017-09-13 13:51:53 DEBUG c.e.r.RatecalculatorApplication - Requested amount: £1000
2017-09-13 13:51:53 DEBUG c.e.r.RatecalculatorApplication - Rate: %7.77
2017-09-13 13:51:53 DEBUG c.e.r.RatecalculatorApplication - Monthly repayment: £34.25
2017-09-13 13:51:53 DEBUG c.e.r.RatecalculatorApplication - Total repayment: £1233.08
2017-09-13 13:52:05 INFO  c.e.r.RatecalculatorApplication - Starting RatecalculatorApplication v0.0.1-SNAPSHOT on rowlro-PC with PID 767024 (D:\Dev\ratecalculator\target\ratecalculator-0.0.1-SNAPSHOT.jar started by rowlro in D:\Dev\ratecalculator)
2017-09-13 13:52:05 DEBUG c.e.r.RatecalculatorApplication - Running with Spring Boot v1.5.6.RELEASE, Spring v4.3.10.RELEASE
2017-09-13 13:52:05 INFO  c.e.r.RatecalculatorApplication - No active profile set, falling back to default profiles: default
2017-09-13 13:52:06 DEBUG c.e.r.service.CSVFileLenderDAO - parse line Bob,0.075,640
2017-09-13 13:52:06 DEBUG c.e.r.service.CSVFileLenderDAO - parse line Jane,0.069,480
2017-09-13 13:52:06 DEBUG c.e.r.service.CSVFileLenderDAO - parse line Fred,0.071,520
2017-09-13 13:52:06 DEBUG c.e.r.service.CSVFileLenderDAO - parse line Mary,0.104,170
2017-09-13 13:52:06 DEBUG c.e.r.service.CSVFileLenderDAO - parse line John,0.081,320
2017-09-13 13:52:06 DEBUG c.e.r.service.CSVFileLenderDAO - parse line Dave,0.074,140
2017-09-13 13:52:06 DEBUG c.e.r.service.CSVFileLenderDAO - parse line Angela,0.071,60
2017-09-13 13:52:06 DEBUG c.e.r.RatecalculatorApplication - Requested amount: £10000
2017-09-13 13:52:06 DEBUG c.e.r.RatecalculatorApplication - Rate: %8.48
2017-09-13 13:52:06 DEBUG c.e.r.RatecalculatorApplication - Monthly repayment: £81.18
2017-09-13 13:52:06 DEBUG c.e.r.RatecalculatorApplication - Total repayment: £2922.50
2017-09-13 13:52:21 INFO  c.e.r.RatecalculatorApplication - Starting RatecalculatorApplication v0.0.1-SNAPSHOT on rowlro-PC with PID 767740 (D:\Dev\ratecalculator\target\ratecalculator-0.0.1-SNAPSHOT.jar started by rowlro in D:\Dev\ratecalculator)
2017-09-13 13:52:21 DEBUG c.e.r.RatecalculatorApplication - Running with Spring Boot v1.5.6.RELEASE, Spring v4.3.10.RELEASE
2017-09-13 13:52:21 INFO  c.e.r.RatecalculatorApplication - No active profile set, falling back to default profiles: default
2017-09-13 13:52:22 DEBUG c.e.r.service.CSVFileLenderDAO - parse line Bob,0.075,640
2017-09-13 13:52:22 DEBUG c.e.r.service.CSVFileLenderDAO - parse line Jane,0.069,480
2017-09-13 13:52:22 DEBUG c.e.r.service.CSVFileLenderDAO - parse line Fred,0.071,520
2017-09-13 13:52:22 DEBUG c.e.r.service.CSVFileLenderDAO - parse line Mary,0.104,170
2017-09-13 13:52:22 DEBUG c.e.r.service.CSVFileLenderDAO - parse line John,0.081,320
2017-09-13 13:52:22 DEBUG c.e.r.service.CSVFileLenderDAO - parse line Dave,0.074,140
2017-09-13 13:52:22 DEBUG c.e.r.service.CSVFileLenderDAO - parse line Angela,0.071,60
2017-09-13 13:52:22 DEBUG c.e.r.RatecalculatorApplication - Requested amount: £5000
2017-09-13 13:52:22 DEBUG c.e.r.RatecalculatorApplication - Rate: %8.48
2017-09-13 13:52:22 DEBUG c.e.r.RatecalculatorApplication - Monthly repayment: £81.18
2017-09-13 13:52:22 DEBUG c.e.r.RatecalculatorApplication - Total repayment: £2922.50
2017-09-13 14:14:38 INFO  c.e.r.RatecalculatorApplication - Starting RatecalculatorApplication v0.0.1-SNAPSHOT on rowlro-PC with PID 773332 (D:\Dev\ratecalculator\target\ratecalculator-0.0.1-SNAPSHOT.jar started by rowlro in D:\Dev\ratecalculator)
2017-09-13 14:14:38 DEBUG c.e.r.RatecalculatorApplication - Running with Spring Boot v1.5.6.RELEASE, Spring v4.3.10.RELEASE
2017-09-13 14:14:38 INFO  c.e.r.RatecalculatorApplication - No active profile set, falling back to default profiles: default
2017-09-13 14:14:39 DEBUG c.e.r.dao.CSVFileLenderDAO - parse line Bob,0.075,640
2017-09-13 14:14:39 DEBUG c.e.r.dao.CSVFileLenderDAO - parse line Jane,0.069,480
2017-09-13 14:14:39 DEBUG c.e.r.dao.CSVFileLenderDAO - parse line Fred,0.071,520
2017-09-13 14:14:39 DEBUG c.e.r.dao.CSVFileLenderDAO - parse line Mary,0.104,170
2017-09-13 14:14:39 DEBUG c.e.r.dao.CSVFileLenderDAO - parse line John,0.081,320
2017-09-13 14:14:39 DEBUG c.e.r.dao.CSVFileLenderDAO - parse line Dave,0.074,140
2017-09-13 14:14:39 DEBUG c.e.r.dao.CSVFileLenderDAO - parse line Angela,0.071,60
2017-09-13 14:14:39 DEBUG c.e.r.RatecalculatorApplication - Requested amount: £1000
2017-09-13 14:14:39 DEBUG c.e.r.RatecalculatorApplication - Rate: %7.77
2017-09-13 14:14:39 DEBUG c.e.r.RatecalculatorApplication - Monthly repayment: £34.25
2017-09-13 14:14:39 DEBUG c.e.r.RatecalculatorApplication - Total repayment: £1233.08
2017-09-13 14:14:39 INFO  c.e.r.RatecalculatorApplication - Started RatecalculatorApplication in 1.501 seconds (JVM running for 2.368)
2017-09-13 14:14:43 INFO  c.e.r.RatecalculatorApplication - Starting RatecalculatorApplication v0.0.1-SNAPSHOT on rowlro-PC with PID 773464 (D:\Dev\ratecalculator\target\ratecalculator-0.0.1-SNAPSHOT.jar started by rowlro in D:\Dev\ratecalculator)
2017-09-13 14:14:43 DEBUG c.e.r.RatecalculatorApplication - Running with Spring Boot v1.5.6.RELEASE, Spring v4.3.10.RELEASE
2017-09-13 14:14:43 INFO  c.e.r.RatecalculatorApplication - No active profile set, falling back to default profiles: default
2017-09-13 14:14:44 DEBUG c.e.r.dao.CSVFileLenderDAO - parse line Bob,0.075,640
2017-09-13 14:14:44 DEBUG c.e.r.dao.CSVFileLenderDAO - parse line Jane,0.069,480
2017-09-13 14:14:44 DEBUG c.e.r.dao.CSVFileLenderDAO - parse line Fred,0.071,520
2017-09-13 14:14:44 DEBUG c.e.r.dao.CSVFileLenderDAO - parse line Mary,0.104,170
2017-09-13 14:14:44 DEBUG c.e.r.dao.CSVFileLenderDAO - parse line John,0.081,320
2017-09-13 14:14:44 DEBUG c.e.r.dao.CSVFileLenderDAO - parse line Dave,0.074,140
2017-09-13 14:14:44 DEBUG c.e.r.dao.CSVFileLenderDAO - parse line Angela,0.071,60
2017-09-13 14:14:44 DEBUG c.e.r.RatecalculatorApplication - Is is not possible to provide a quote at this time
2017-09-13 14:14:44 INFO  c.e.r.RatecalculatorApplication - Started RatecalculatorApplication in 1.516 seconds (JVM running for 2.376)
2017-09-13 14:14:50 INFO  c.e.r.RatecalculatorApplication - Starting RatecalculatorApplication v0.0.1-SNAPSHOT on rowlro-PC with PID 773620 (D:\Dev\ratecalculator\target\ratecalculator-0.0.1-SNAPSHOT.jar started by rowlro in D:\Dev\ratecalculator)
2017-09-13 14:14:50 DEBUG c.e.r.RatecalculatorApplication - Running with Spring Boot v1.5.6.RELEASE, Spring v4.3.10.RELEASE
2017-09-13 14:14:50 INFO  c.e.r.RatecalculatorApplication - No active profile set, falling back to default profiles: default
2017-09-13 14:14:51 DEBUG c.e.r.dao.CSVFileLenderDAO - parse line Bob,0.075,640
2017-09-13 14:14:51 DEBUG c.e.r.dao.CSVFileLenderDAO - parse line Jane,0.069,480
2017-09-13 14:14:51 DEBUG c.e.r.dao.CSVFileLenderDAO - parse line Fred,0.071,520
2017-09-13 14:14:51 DEBUG c.e.r.dao.CSVFileLenderDAO - parse line Mary,0.104,170
2017-09-13 14:14:51 DEBUG c.e.r.dao.CSVFileLenderDAO - parse line John,0.081,320
2017-09-13 14:14:51 DEBUG c.e.r.dao.CSVFileLenderDAO - parse line Dave,0.074,140
2017-09-13 14:14:51 DEBUG c.e.r.dao.CSVFileLenderDAO - parse line Angela,0.071,60
2017-09-13 14:14:51 DEBUG c.e.r.RatecalculatorApplication - Requested amount: £2000
2017-09-13 14:14:51 DEBUG c.e.r.RatecalculatorApplication - Rate: %8.11
2017-09-13 14:14:51 DEBUG c.e.r.RatecalculatorApplication - Monthly repayment: £69.08
2017-09-13 14:14:51 DEBUG c.e.r.RatecalculatorApplication - Total repayment: £2486.73
2017-09-13 14:14:51 INFO  c.e.r.RatecalculatorApplication - Started RatecalculatorApplication in 1.497 seconds (JVM running for 2.355)
2017-09-13 14:14:57 INFO  c.e.r.RatecalculatorApplication - Starting RatecalculatorApplication v0.0.1-SNAPSHOT on rowlro-PC with PID 773772 (D:\Dev\ratecalculator\target\ratecalculator-0.0.1-SNAPSHOT.jar started by rowlro in D:\Dev\ratecalculator)
2017-09-13 14:14:57 DEBUG c.e.r.RatecalculatorApplication - Running with Spring Boot v1.5.6.RELEASE, Spring v4.3.10.RELEASE
2017-09-13 14:14:57 INFO  c.e.r.RatecalculatorApplication - No active profile set, falling back to default profiles: default
2017-09-13 14:14:58 DEBUG c.e.r.dao.CSVFileLenderDAO - parse line Bob,0.075,640
2017-09-13 14:14:58 DEBUG c.e.r.dao.CSVFileLenderDAO - parse line Jane,0.069,480
2017-09-13 14:14:58 DEBUG c.e.r.dao.CSVFileLenderDAO - parse line Fred,0.071,520
2017-09-13 14:14:58 DEBUG c.e.r.dao.CSVFileLenderDAO - parse line Mary,0.104,170
2017-09-13 14:14:58 DEBUG c.e.r.dao.CSVFileLenderDAO - parse line John,0.081,320
2017-09-13 14:14:58 DEBUG c.e.r.dao.CSVFileLenderDAO - parse line Dave,0.074,140
2017-09-13 14:14:58 DEBUG c.e.r.dao.CSVFileLenderDAO - parse line Angela,0.071,60
2017-09-13 14:14:58 DEBUG c.e.r.RatecalculatorApplication - Is is not possible to provide a quote at this time
2017-09-13 14:14:58 INFO  c.e.r.RatecalculatorApplication - Started RatecalculatorApplication in 1.493 seconds (JVM running for 2.372)
2017-09-13 14:16:50 INFO  c.e.r.RatecalculatorApplication - Starting RatecalculatorApplication v0.0.1-SNAPSHOT on rowlro-PC with PID 774012 (D:\Dev\ratecalculator\target\ratecalculator-0.0.1-SNAPSHOT.jar started by rowlro in D:\Dev\ratecalculator)
2017-09-13 14:16:50 DEBUG c.e.r.RatecalculatorApplication - Running with Spring Boot v1.5.6.RELEASE, Spring v4.3.10.RELEASE
2017-09-13 14:16:50 INFO  c.e.r.RatecalculatorApplication - No active profile set, falling back to default profiles: default
2017-09-13 14:16:51 DEBUG c.e.r.dao.CSVFileLenderDAO - parse line Bob,0.075,640
2017-09-13 14:16:51 DEBUG c.e.r.dao.CSVFileLenderDAO - parse line Jane,0.069,480
2017-09-13 14:16:51 DEBUG c.e.r.dao.CSVFileLenderDAO - parse line Fred,0.071,520
2017-09-13 14:16:51 DEBUG c.e.r.dao.CSVFileLenderDAO - parse line Mary,0.104,170
2017-09-13 14:16:51 DEBUG c.e.r.dao.CSVFileLenderDAO - parse line John,0.081,320
2017-09-13 14:16:51 DEBUG c.e.r.dao.CSVFileLenderDAO - parse line Dave,0.074,140
2017-09-13 14:16:51 DEBUG c.e.r.dao.CSVFileLenderDAO - parse line Angela,0.071,60
2017-09-13 14:16:51 DEBUG c.e.r.RatecalculatorApplication - Is is not possible to provide a quote at this time
2017-09-13 14:16:51 DEBUG c.e.r.RatecalculatorApplication - loan of 5000 not available, max loan with these lenders is 2330
2017-09-13 14:16:51 INFO  c.e.r.RatecalculatorApplication - Started RatecalculatorApplication in 1.551 seconds (JVM running for 2.408)
2017-09-13 14:17:10 INFO  c.e.r.RatecalculatorApplication - Starting RatecalculatorApplication v0.0.1-SNAPSHOT on rowlro-PC with PID 773680 (D:\Dev\ratecalculator\target\ratecalculator-0.0.1-SNAPSHOT.jar started by rowlro in D:\Dev\ratecalculator)
2017-09-13 14:17:10 DEBUG c.e.r.RatecalculatorApplication - Running with Spring Boot v1.5.6.RELEASE, Spring v4.3.10.RELEASE
2017-09-13 14:17:10 INFO  c.e.r.RatecalculatorApplication - No active profile set, falling back to default profiles: default
2017-09-13 14:17:11 DEBUG c.e.r.dao.CSVFileLenderDAO - parse line Bob,0.075,640
2017-09-13 14:17:11 DEBUG c.e.r.dao.CSVFileLenderDAO - parse line Jane,0.069,480
2017-09-13 14:17:11 DEBUG c.e.r.dao.CSVFileLenderDAO - parse line Fred,0.071,520
2017-09-13 14:17:11 DEBUG c.e.r.dao.CSVFileLenderDAO - parse line Mary,0.104,170
2017-09-13 14:17:11 DEBUG c.e.r.dao.CSVFileLenderDAO - parse line John,0.081,320
2017-09-13 14:17:11 DEBUG c.e.r.dao.CSVFileLenderDAO - parse line Dave,0.074,140
2017-09-13 14:17:11 DEBUG c.e.r.dao.CSVFileLenderDAO - parse line Angela,0.071,60
2017-09-13 14:17:11 DEBUG c.e.r.RatecalculatorApplication - Requested amount: £2330
2017-09-13 14:17:11 DEBUG c.e.r.RatecalculatorApplication - Rate: %8.48
2017-09-13 14:17:11 DEBUG c.e.r.RatecalculatorApplication - Monthly repayment: £81.18
2017-09-13 14:17:11 DEBUG c.e.r.RatecalculatorApplication - Total repayment: £2922.50
2017-09-13 14:17:11 INFO  c.e.r.RatecalculatorApplication - Started RatecalculatorApplication in 1.535 seconds (JVM running for 2.379)
2017-09-13 14:17:49 INFO  c.e.r.RatecalculatorApplication - Starting RatecalculatorApplication v0.0.1-SNAPSHOT on rowlro-PC with PID 773172 (D:\Dev\ratecalculator\target\ratecalculator-0.0.1-SNAPSHOT.jar started by rowlro in D:\Dev\ratecalculator)
2017-09-13 14:17:49 DEBUG c.e.r.RatecalculatorApplication - Running with Spring Boot v1.5.6.RELEASE, Spring v4.3.10.RELEASE
2017-09-13 14:17:49 INFO  c.e.r.RatecalculatorApplication - No active profile set, falling back to default profiles: default
2017-09-13 14:17:50 DEBUG c.e.r.dao.CSVFileLenderDAO - parse line Bob,0.075,640
2017-09-13 14:17:50 DEBUG c.e.r.dao.CSVFileLenderDAO - parse line Jane,0.069,480
2017-09-13 14:17:50 DEBUG c.e.r.dao.CSVFileLenderDAO - parse line Fred,0.071,520
2017-09-13 14:17:50 DEBUG c.e.r.dao.CSVFileLenderDAO - parse line Mary,0.104,170
2017-09-13 14:17:50 DEBUG c.e.r.dao.CSVFileLenderDAO - parse line John,0.081,320
2017-09-13 14:17:50 DEBUG c.e.r.dao.CSVFileLenderDAO - parse line Dave,0.074,140
2017-09-13 14:17:50 DEBUG c.e.r.dao.CSVFileLenderDAO - parse line Angela,0.071,60
2017-09-13 14:17:50 DEBUG c.e.r.RatecalculatorApplication - Requested amount: £1000
2017-09-13 14:17:50 DEBUG c.e.r.RatecalculatorApplication - Rate: %7.77
2017-09-13 14:17:50 DEBUG c.e.r.RatecalculatorApplication - Monthly repayment: £34.25
2017-09-13 14:17:50 DEBUG c.e.r.RatecalculatorApplication - Total repayment: £1233.08
2017-09-13 14:17:50 INFO  c.e.r.RatecalculatorApplication - Started RatecalculatorApplication in 1.503 seconds (JVM running for 2.386)
